This is XeTeX, Version 3.14159265-2.6-0.999991 (MiKTeX 2.9.7140 64-bit) (preloaded format=xelatex 2019.9.4)  3 DEC 2023 22:22
entering extended mode
**./calendar.tex
(calendar.tex
LaTeX2e <2018-12-01>

("C:\Users\seth.alter\AppData\Local\Programs\MiKTeX 2.9\tex/latex/koma-script\s
crbook.cls"
Document Class: scrbook 2019/02/01 v3.26b KOMA-Script document class (book)

("C:\Users\seth.alter\AppData\Local\Programs\MiKTeX 2.9\tex/latex/koma-script\s
crkbase.sty"
Package: scrkbase 2019/02/01 v3.26b KOMA-Script package (KOMA-Script-dependent 
basics and keyval usage)

("C:\Users\seth.alter\AppData\Local\Programs\MiKTeX 2.9\tex/latex/koma-script\s
crbase.sty"
Package: scrbase 2019/02/01 v3.26b KOMA-Script package (KOMA-Script-independent
 basics and keyval usage)

("C:\Users\seth.alter\AppData\Local\Programs\MiKTeX 2.9\tex/latex/graphics\keyv
al.sty"
Package: keyval 2014/10/28 v1.15 key=value parser (DPC)
\KV@toks@=\toks14
)
("C:\Users\seth.alter\AppData\Local\Programs\MiKTeX 2.9\tex/latex/koma-script\s
crlfile.sty"
Package: scrlfile 2019/02/01 v3.26b KOMA-Script package (loading files)
)))
("C:\Users\seth.alter\AppData\Local\Programs\MiKTeX 2.9\tex/latex/koma-script\t
ocbasic.sty"
Package: tocbasic 2019/02/01 v3.26b KOMA-Script package (handling toc-files)
\scr@dte@tocline@numberwidth=\skip41
\scr@dte@tocline@numbox=\box27
)
Package tocbasic Info: omitting babel extension for `toc'
(tocbasic)             because of feature `nobabel' available
(tocbasic)             for `toc' on input line 136.
Package scrbook Info: You've used standard option `11pt'.
(scrbook)             This is correct!
(scrbook)             Internally I'm using `fontsize=11pt'.
(scrbook)             If you'd like to set the option with \KOMAoptions,
(scrbook)             you'd have to use `fontsize=11pt' there
(scrbook)             instead of `11pt', too.
Class scrbook Info: You've used standard option `openany'.
(scrbook)           This is correct!
(scrbook)           Internally I'm using `open=any'.
(scrbook)           If you'd like to set the option with \KOMAoptions,
(scrbook)           you'd have to use `open=any' there
(scrbook)           instead of `openany', too.
Class scrbook Info: File `scrsize11pt.clo' used to setup font sizes on input li
ne 2376.

("C:\Users\seth.alter\AppData\Local\Programs\MiKTeX 2.9\tex/latex/koma-script\s
crsize11pt.clo"
File: scrsize11pt.clo 2019/02/01 v3.26b KOMA-Script font size class option (11p
t)
)
("C:\Users\seth.alter\AppData\Local\Programs\MiKTeX 2.9\tex/latex/koma-script\t
ypearea.sty"
Package: typearea 2019/02/01 v3.26b KOMA-Script package (type area)
\ta@bcor=\skip42
\ta@div=\count80
Package typearea Info: You've used standard option `letterpaper'.
(typearea)             This is correct!
(typearea)             Internally I'm using `paper=letter'.
(typearea)             If you'd like to set the option with \KOMAoptions,
(typearea)             you'd have to use `paper=letter' there
(typearea)             instead of `letterpaper', too.
Package typearea Info: You've used standard option `landscape'.
(typearea)             This is correct!
(typearea)             Internally I'm using `paper=landscape'.
(typearea)             If you'd like to set the option with \KOMAoptions,
(typearea)             you'd have to use `paper=landscape' there
(typearea)             instead of `landscape', too.
\ta@hblk=\skip43
\ta@vblk=\skip44
\ta@temp=\skip45
\footheight=\skip46
Package typearea Info: With paper sizes other than (almost) `A4' predefined
(typearea)             DIV values do not exist. Using DIV calculation for good
(typearea)             line width (unless using `version=3.24` or prior).

DIV calculation for typearea with good linewidth.

Package typearea Warning: Very low DIV value!
(typearea)                DIV values less than 6 result in textwidth/-height
(typearea)                smaller than total marginwidth/-height.
(typearea)                You should e.g. increase DIV, increase fontsize or
(typearea)                change papersize.

Package typearea Info: These are the values describing the layout:
(typearea)             DIV  = 5
(typearea)             BCOR = 0.0pt
(typearea)             \paperwidth      = 794.96999pt
(typearea)              \textwidth      = 317.98802pt
(typearea)              DIV departure   = 11%
(typearea)              \evensidemargin = 245.71799pt
(typearea)              \oddsidemargin  = 86.724pt
(typearea)             \paperheight     = 614.295pt
(typearea)              \textheight     = 255.80011pt
(typearea)              \topmargin      = 13.189pt
(typearea)              \headheight     = 17.0pt
(typearea)              \headsep        = 20.40001pt
(typearea)              \topskip        = 11.0pt
(typearea)              \footskip       = 47.6pt
(typearea)              \baselineskip   = 13.6pt
(typearea)              on input line 1715.
)
\c@part=\count81
\c@chapter=\count82
\c@section=\count83
\c@subsection=\count84
\c@subsubsection=\count85
\c@paragraph=\count86
\c@subparagraph=\count87
\scr@dte@chapter@maxnumwidth=\skip47
Class scrbook Info: using compatibility default `afterindent=bysign'
(scrbook)           for `\chapter on input line 5303.
\scr@dte@section@maxnumwidth=\skip48
Class scrbook Info: using compatibility default `runin=bysign'
(scrbook)           for `\section on input line 5313.
Class scrbook Info: using compatibility default `afterindent=bysign'
(scrbook)           for `\section on input line 5313.
\scr@dte@part@maxnumwidth=\skip49
Class scrbook Info: using compatibility default `afterindent=true'
(scrbook)           for `\part on input line 5322.
\scr@dte@subsection@maxnumwidth=\skip50
Class scrbook Info: using compatibility default `runin=bysign'
(scrbook)           for `\subsection on input line 5332.
Class scrbook Info: using compatibility default `afterindent=bysign'
(scrbook)           for `\subsection on input line 5332.
\scr@dte@subsubsection@maxnumwidth=\skip51
Class scrbook Info: using compatibility default `runin=bysign'
(scrbook)           for `\subsubsection on input line 5342.
Class scrbook Info: using compatibility default `afterindent=bysign'
(scrbook)           for `\subsubsection on input line 5342.
\scr@dte@paragraph@maxnumwidth=\skip52
Class scrbook Info: using compatibility default `runin=bysign'
(scrbook)           for `\paragraph on input line 5352.
Class scrbook Info: using compatibility default `afterindent=bysign'
(scrbook)           for `\paragraph on input line 5352.
\scr@dte@subparagraph@maxnumwidth=\skip53
Class scrbook Info: using compatibility default `runin=bysign'
(scrbook)           for `\subparagraph on input line 5362.
Class scrbook Info: using compatibility default `afterindent=bysign'
(scrbook)           for `\subparagraph on input line 5362.
\abovecaptionskip=\skip54
\belowcaptionskip=\skip55
\c@pti@nb@sid@b@x=\box28
Package tocbasic Info: omitting babel extension for `lof'
(tocbasic)             because of feature `nobabel' available
(tocbasic)             for `lof' on input line 6617.
\scr@dte@figure@maxnumwidth=\skip56
\c@figure=\count88
Package tocbasic Info: omitting babel extension for `lot'
(tocbasic)             because of feature `nobabel' available
(tocbasic)             for `lot' on input line 6638.
\scr@dte@table@maxnumwidth=\skip57
\c@table=\count89
Class scrbook Info: Redefining `\numberline' on input line 6811.
\bibindent=\dimen102
)
("C:\Users\seth.alter\AppData\Local\Programs\MiKTeX 2.9\tex/latex/colortbl\colo
rtbl.sty"
Package: colortbl 2020/01/04 v1.0e Color table columns (DPC)

("C:\Users\seth.alter\AppData\Local\Programs\MiKTeX 2.9\tex/latex/tools\array.s
ty"
Package: array 2018/12/30 v2.4k Tabular extension package (FMi)
\col@sep=\dimen103
\ar@mcellbox=\box29
\extrarowheight=\dimen104
\NC@list=\toks15
\extratabsurround=\skip58
\backup@length=\skip59
\ar@cellbox=\box30
)
("C:\Users\seth.alter\AppData\Local\Programs\MiKTeX 2.9\tex/latex/graphics\colo
r.sty"
Package: color 2016/07/10 v1.1e Standard LaTeX Color (DPC)

("C:\Users\seth.alter\AppData\Local\Programs\MiKTeX 2.9\tex/latex/graphics-cfg\
color.cfg"
File: color.cfg 2016/01/02 v1.6 sample color configuration
)
Package color Info: Driver file: xetex.def on input line 147.

("C:\Users\seth.alter\AppData\Local\Programs\MiKTeX 2.9\tex/latex/graphics-def\
xetex.def"
File: xetex.def 2017/06/24 v5.0h Graphics/color driver for xetex
))
\everycr=\toks16
\minrowclearance=\skip60
)
("C:\Users\seth.alter\AppData\Local\Programs\MiKTeX 2.9\tex/latex/tools\tabular
x.sty"
Package: tabularx 2016/02/03 v2.11b `tabularx' package (DPC)
\TX@col@width=\dimen105
\TX@old@table=\dimen106
\TX@old@col=\dimen107
\TX@target=\dimen108
\TX@delta=\dimen109
\TX@cols=\count90
\TX@ftn=\toks17
)
("C:\Users\seth.alter\AppData\Local\Programs\MiKTeX 2.9\tex/latex/geometry\geom
etry.sty"
Package: geometry 2018/04/16 v5.8 Page Geometry

("C:\Users\seth.alter\AppData\Local\Programs\MiKTeX 2.9\tex/generic/oberdiek\if
pdf.sty"
Package: ifpdf 2018/09/07 v3.3 Provides the ifpdf switch
)
("C:\Users\seth.alter\AppData\Local\Programs\MiKTeX 2.9\tex/generic/oberdiek\if
vtex.sty"
Package: ifvtex 2016/05/16 v1.6 Detect VTeX and its facilities (HO)
Package ifvtex Info: VTeX not detected.
)
("C:\Users\seth.alter\AppData\Local\Programs\MiKTeX 2.9\tex/generic/ifxetex\ifx
etex.sty"
Package: ifxetex 2010/09/12 v0.6 Provides ifxetex conditional
)
\Gm@cnth=\count91
\Gm@cntv=\count92
\c@Gm@tempcnt=\count93
\Gm@bindingoffset=\dimen110
\Gm@wd@mp=\dimen111
\Gm@odd@mp=\dimen112
\Gm@even@mp=\dimen113
\Gm@layoutwidth=\dimen114
\Gm@layoutheight=\dimen115
\Gm@layouthoffset=\dimen116
\Gm@layoutvoffset=\dimen117
\Gm@dimlist=\toks18

("C:\Users\seth.alter\AppData\Local\Programs\MiKTeX 2.9\tex/xelatex/xetexconfig
\geometry.cfg"))
("C:\Users\seth.alter\AppData\Local\Programs\MiKTeX 2.9\tex/latex/marginnote\ma
rginnote.sty"
Package: marginnote 2018/08/09 v1.4b non floating margin notes for LaTeX
\c@mn@abspage=\count94
)
("C:\Users\seth.alter\AppData\Local\Programs\MiKTeX 2.9\tex/latex/graphics\grap
hicx.sty"
Package: graphicx 2017/06/01 v1.1a Enhanced LaTeX Graphics (DPC,SPQR)

("C:\Users\seth.alter\AppData\Local\Programs\MiKTeX 2.9\tex/latex/graphics\grap
hics.sty"
Package: graphics 2017/06/25 v1.2c Standard LaTeX Graphics (DPC,SPQR)

("C:\Users\seth.alter\AppData\Local\Programs\MiKTeX 2.9\tex/latex/graphics\trig
.sty"
Package: trig 2016/01/03 v1.10 sin cos tan (DPC)
)
("C:\Users\seth.alter\AppData\Local\Programs\MiKTeX 2.9\tex/latex/graphics-cfg\
graphics.cfg"
File: graphics.cfg 2016/06/04 v1.11 sample graphics configuration
)
Package graphics Info: Driver file: xetex.def on input line 99.
)
\Gin@req@height=\dimen118
\Gin@req@width=\dimen119
)
("C:\Users\seth.alter\AppData\Local\Programs\MiKTeX 2.9\tex/latex/wasysym\wasys
ym.sty"
Package: wasysym 2003/10/30 v2.0 Wasy-2 symbol support package
\symwasy=\mathgroup4
LaTeX Font Info:    Overwriting symbol font `wasy' in version `bold'
(Font)                  U/wasy/m/n --> U/wasy/b/n on input line 90.
)
("C:\Users\seth.alter\AppData\Local\Programs\MiKTeX 2.9\tex/latex/sectsty\sects
ty.sty"
Package: sectsty 2002/02/25 v2.0.2 Commands to change all sectional heading sty
les
)
("C:\Users\seth.alter\AppData\Local\Programs\MiKTeX 2.9\tex/latex/xcolor\xcolor
.sty"
Package: xcolor 2016/05/11 v2.12 LaTeX color extensions (UK)

("C:\Users\seth.alter\AppData\Local\Programs\MiKTeX 2.9\tex/latex/graphics-cfg\
color.cfg"
File: color.cfg 2016/01/02 v1.6 sample color configuration
)
Package xcolor Info: Driver file: xetex.def on input line 225.
LaTeX Info: Redefining \color on input line 709.
Package xcolor Info: Model `cmy' substituted by `cmy0' on input line 1348.
Package xcolor Info: Model `RGB' extended on input line 1364.
Package xcolor Info: Model `HTML' substituted by `rgb' on input line 1366.
Package xcolor Info: Model `Hsb' substituted by `hsb' on input line 1367.
Package xcolor Info: Model `tHsb' substituted by `hsb' on input line 1368.
Package xcolor Info: Model `HSB' substituted by `hsb' on input line 1369.
Package xcolor Info: Model `Gray' substituted by `gray' on input line 1370.
Package xcolor Info: Model `wave' substituted by `hsb' on input line 1371.
)
("C:\Users\seth.alter\AppData\Local\Programs\MiKTeX 2.9\tex/latex/background\ba
ckground.sty"
Package: background 2014/03/04 v2.1 background material

("C:\Users\seth.alter\AppData\Local\Programs\MiKTeX 2.9\tex/latex/xkeyval\xkeyv
al.sty"
Package: xkeyval 2014/12/03 v2.7a package option processing (HA)

("C:\Users\seth.alter\AppData\Local\Programs\MiKTeX 2.9\tex/generic/xkeyval\xke
yval.tex"
("C:\Users\seth.alter\AppData\Local\Programs\MiKTeX 2.9\tex/generic/xkeyval\xkv
utils.tex"
\XKV@toks=\toks19
\XKV@tempa@toks=\toks20
)
\XKV@depth=\count95
File: xkeyval.tex 2014/12/03 v2.7a key=value parser (HA)
))
("C:\Users\seth.alter\AppData\Local\Programs\MiKTeX 2.9\tex/latex/pgf/frontendl
ayer\tikz.sty"
("C:\Users\seth.alter\AppData\Local\Programs\MiKTeX 2.9\tex/latex/pgf/basiclaye
r\pgf.sty"
("C:\Users\seth.alter\AppData\Local\Programs\MiKTeX 2.9\tex/latex/pgf/utilities
\pgfrcs.sty"
("C:\Users\seth.alter\AppData\Local\Programs\MiKTeX 2.9\tex/generic/pgf/utiliti
es\pgfutil-common.tex"
\pgfutil@everybye=\toks21
\pgfutil@tempdima=\dimen120
\pgfutil@tempdimb=\dimen121

("C:\Users\seth.alter\AppData\Local\Programs\MiKTeX 2.9\tex/generic/pgf/utiliti
es\pgfutil-common-lists.tex"))
("C:\Users\seth.alter\AppData\Local\Programs\MiKTeX 2.9\tex/generic/pgf/utiliti
es\pgfutil-latex.def"
\pgfutil@abb=\box31

("C:\Users\seth.alter\AppData\Local\Programs\MiKTeX 2.9\tex/latex/ms\everyshi.s
ty"
Package: everyshi 2001/05/15 v3.00 EveryShipout Package (MS)
))
("C:\Users\seth.alter\AppData\Local\Programs\MiKTeX 2.9\tex/generic/pgf/utiliti
es\pgfrcs.code.tex"
("C:\Users\seth.alter\AppData\Local\Programs\MiKTeX 2.9\tex/generic/pgf\pgf.rev
ision.tex")
Package: pgfrcs 2020/01/08 v3.1.5b (3.1.5b)
))
Package: pgf 2020/01/08 v3.1.5b (3.1.5b)

("C:\Users\seth.alter\AppData\Local\Programs\MiKTeX 2.9\tex/latex/pgf/basiclaye
r\pgfcore.sty"
("C:\Users\seth.alter\AppData\Local\Programs\MiKTeX 2.9\tex/latex/pgf/systemlay
er\pgfsys.sty"
("C:\Users\seth.alter\AppData\Local\Programs\MiKTeX 2.9\tex/generic/pgf/systeml
ayer\pgfsys.code.tex"
Package: pgfsys 2020/01/08 v3.1.5b (3.1.5b)

("C:\Users\seth.alter\AppData\Local\Programs\MiKTeX 2.9\tex/generic/pgf/utiliti
es\pgfkeys.code.tex"
\pgfkeys@pathtoks=\toks22
\pgfkeys@temptoks=\toks23

("C:\Users\seth.alter\AppData\Local\Programs\MiKTeX 2.9\tex/generic/pgf/utiliti
es\pgfkeysfiltered.code.tex"
\pgfkeys@tmptoks=\toks24
))
\pgf@x=\dimen122
\pgf@y=\dimen123
\pgf@xa=\dimen124
\pgf@ya=\dimen125
\pgf@xb=\dimen126
\pgf@yb=\dimen127
\pgf@xc=\dimen128
\pgf@yc=\dimen129
\pgf@xd=\dimen130
\pgf@yd=\dimen131
\w@pgf@writea=\write3
\r@pgf@reada=\read1
\c@pgf@counta=\count96
\c@pgf@countb=\count97
\c@pgf@countc=\count98
\c@pgf@countd=\count99
\t@pgf@toka=\toks25
\t@pgf@tokb=\toks26
\t@pgf@tokc=\toks27
\pgf@sys@id@count=\count100

("C:\Users\seth.alter\AppData\Local\Programs\MiKTeX 2.9\tex/generic/pgf/systeml
ayer\pgf.cfg"
File: pgf.cfg 2020/01/08 v3.1.5b (3.1.5b)
)
Driver file for pgf: pgfsys-xetex.def

("C:\Users\seth.alter\AppData\Local\Programs\MiKTeX 2.9\tex/generic/pgf/systeml
ayer\pgfsys-xetex.def"
File: pgfsys-xetex.def 2020/01/08 v3.1.5b (3.1.5b)

("C:\Users\seth.alter\AppData\Local\Programs\MiKTeX 2.9\tex/generic/pgf/systeml
ayer\pgfsys-dvipdfmx.def"
File: pgfsys-dvipdfmx.def 2020/01/08 v3.1.5b (3.1.5b)

("C:\Users\seth.alter\AppData\Local\Programs\MiKTeX 2.9\tex/generic/pgf/systeml
ayer\pgfsys-common-pdf.def"
File: pgfsys-common-pdf.def 2020/01/08 v3.1.5b (3.1.5b)
)
\pgfsys@objnum=\count101
)))
("C:\Users\seth.alter\AppData\Local\Programs\MiKTeX 2.9\tex/generic/pgf/systeml
ayer\pgfsyssoftpath.code.tex"
File: pgfsyssoftpath.code.tex 2020/01/08 v3.1.5b (3.1.5b)
\pgfsyssoftpath@smallbuffer@items=\count102
\pgfsyssoftpath@bigbuffer@items=\count103
)
("C:\Users\seth.alter\AppData\Local\Programs\MiKTeX 2.9\tex/generic/pgf/systeml
ayer\pgfsysprotocol.code.tex"
File: pgfsysprotocol.code.tex 2020/01/08 v3.1.5b (3.1.5b)
))
("C:\Users\seth.alter\AppData\Local\Programs\MiKTeX 2.9\tex/generic/pgf/basicla
yer\pgfcore.code.tex"
Package: pgfcore 2020/01/08 v3.1.5b (3.1.5b)

("C:\Users\seth.alter\AppData\Local\Programs\MiKTeX 2.9\tex/generic/pgf/math\pg
fmath.code.tex"
("C:\Users\seth.alter\AppData\Local\Programs\MiKTeX 2.9\tex/generic/pgf/math\pg
fmathcalc.code.tex"
("C:\Users\seth.alter\AppData\Local\Programs\MiKTeX 2.9\tex/generic/pgf/math\pg
fmathutil.code.tex")
("C:\Users\seth.alter\AppData\Local\Programs\MiKTeX 2.9\tex/generic/pgf/math\pg
fmathparser.code.tex"
\pgfmath@dimen=\dimen132
\pgfmath@count=\count104
\pgfmath@box=\box32
\pgfmath@toks=\toks28
\pgfmath@stack@operand=\toks29
\pgfmath@stack@operation=\toks30
)
("C:\Users\seth.alter\AppData\Local\Programs\MiKTeX 2.9\tex/generic/pgf/math\pg
fmathfunctions.code.tex"
("C:\Users\seth.alter\AppData\Local\Programs\MiKTeX 2.9\tex/generic/pgf/math\pg
fmathfunctions.basic.code.tex")
("C:\Users\seth.alter\AppData\Local\Programs\MiKTeX 2.9\tex/generic/pgf/math\pg
fmathfunctions.trigonometric.code.tex")
("C:\Users\seth.alter\AppData\Local\Programs\MiKTeX 2.9\tex/generic/pgf/math\pg
fmathfunctions.random.code.tex")
("C:\Users\seth.alter\AppData\Local\Programs\MiKTeX 2.9\tex/generic/pgf/math\pg
fmathfunctions.comparison.code.tex")
("C:\Users\seth.alter\AppData\Local\Programs\MiKTeX 2.9\tex/generic/pgf/math\pg
fmathfunctions.base.code.tex")
("C:\Users\seth.alter\AppData\Local\Programs\MiKTeX 2.9\tex/generic/pgf/math\pg
fmathfunctions.round.code.tex")
("C:\Users\seth.alter\AppData\Local\Programs\MiKTeX 2.9\tex/generic/pgf/math\pg
fmathfunctions.misc.code.tex")
("C:\Users\seth.alter\AppData\Local\Programs\MiKTeX 2.9\tex/generic/pgf/math\pg
fmathfunctions.integerarithmetics.code.tex")))
("C:\Users\seth.alter\AppData\Local\Programs\MiKTeX 2.9\tex/generic/pgf/math\pg
fmathfloat.code.tex"
\c@pgfmathroundto@lastzeros=\count105
))
("C:\Users\seth.alter\AppData\Local\Programs\MiKTeX 2.9\tex/generic/pgf/math\pg
fint.code.tex")
("C:\Users\seth.alter\AppData\Local\Programs\MiKTeX 2.9\tex/generic/pgf/basicla
yer\pgfcorepoints.code.tex"
File: pgfcorepoints.code.tex 2020/01/08 v3.1.5b (3.1.5b)
\pgf@picminx=\dimen133
\pgf@picmaxx=\dimen134
\pgf@picminy=\dimen135
\pgf@picmaxy=\dimen136
\pgf@pathminx=\dimen137
\pgf@pathmaxx=\dimen138
\pgf@pathminy=\dimen139
\pgf@pathmaxy=\dimen140
\pgf@xx=\dimen141
\pgf@xy=\dimen142
\pgf@yx=\dimen143
\pgf@yy=\dimen144
\pgf@zx=\dimen145
\pgf@zy=\dimen146
)
("C:\Users\seth.alter\AppData\Local\Programs\MiKTeX 2.9\tex/generic/pgf/basicla
yer\pgfcorepathconstruct.code.tex"
File: pgfcorepathconstruct.code.tex 2020/01/08 v3.1.5b (3.1.5b)
\pgf@path@lastx=\dimen147
\pgf@path@lasty=\dimen148
)
("C:\Users\seth.alter\AppData\Local\Programs\MiKTeX 2.9\tex/generic/pgf/basicla
yer\pgfcorepathusage.code.tex"
File: pgfcorepathusage.code.tex 2020/01/08 v3.1.5b (3.1.5b)
\pgf@shorten@end@additional=\dimen149
\pgf@shorten@start@additional=\dimen150
)
("C:\Users\seth.alter\AppData\Local\Programs\MiKTeX 2.9\tex/generic/pgf/basicla
yer\pgfcorescopes.code.tex"
File: pgfcorescopes.code.tex 2020/01/08 v3.1.5b (3.1.5b)
\pgfpic=\box33
\pgf@hbox=\box34
\pgf@layerbox@main=\box35
\pgf@picture@serial@count=\count106
)
("C:\Users\seth.alter\AppData\Local\Programs\MiKTeX 2.9\tex/generic/pgf/basicla
yer\pgfcoregraphicstate.code.tex"
File: pgfcoregraphicstate.code.tex 2020/01/08 v3.1.5b (3.1.5b)
\pgflinewidth=\dimen151
)
("C:\Users\seth.alter\AppData\Local\Programs\MiKTeX 2.9\tex/generic/pgf/basicla
yer\pgfcoretransformations.code.tex"
File: pgfcoretransformations.code.tex 2020/01/08 v3.1.5b (3.1.5b)
\pgf@pt@x=\dimen152
\pgf@pt@y=\dimen153
\pgf@pt@temp=\dimen154
)
("C:\Users\seth.alter\AppData\Local\Programs\MiKTeX 2.9\tex/generic/pgf/basicla
yer\pgfcorequick.code.tex"
File: pgfcorequick.code.tex 2020/01/08 v3.1.5b (3.1.5b)
)
("C:\Users\seth.alter\AppData\Local\Programs\MiKTeX 2.9\tex/generic/pgf/basicla
yer\pgfcoreobjects.code.tex"
File: pgfcoreobjects.code.tex 2020/01/08 v3.1.5b (3.1.5b)
)
("C:\Users\seth.alter\AppData\Local\Programs\MiKTeX 2.9\tex/generic/pgf/basicla
yer\pgfcorepathprocessing.code.tex"
File: pgfcorepathprocessing.code.tex 2020/01/08 v3.1.5b (3.1.5b)
)
("C:\Users\seth.alter\AppData\Local\Programs\MiKTeX 2.9\tex/generic/pgf/basicla
yer\pgfcorearrows.code.tex"
File: pgfcorearrows.code.tex 2020/01/08 v3.1.5b (3.1.5b)
\pgfarrowsep=\dimen155
)
("C:\Users\seth.alter\AppData\Local\Programs\MiKTeX 2.9\tex/generic/pgf/basicla
yer\pgfcoreshade.code.tex"
File: pgfcoreshade.code.tex 2020/01/08 v3.1.5b (3.1.5b)
\pgf@max=\dimen156
\pgf@sys@shading@range@num=\count107
\pgf@shadingcount=\count108
)
("C:\Users\seth.alter\AppData\Local\Programs\MiKTeX 2.9\tex/generic/pgf/basicla
yer\pgfcoreimage.code.tex"
File: pgfcoreimage.code.tex 2020/01/08 v3.1.5b (3.1.5b)

("C:\Users\seth.alter\AppData\Local\Programs\MiKTeX 2.9\tex/generic/pgf/basicla
yer\pgfcoreexternal.code.tex"
File: pgfcoreexternal.code.tex 2020/01/08 v3.1.5b (3.1.5b)
\pgfexternal@startupbox=\box36
))
("C:\Users\seth.alter\AppData\Local\Programs\MiKTeX 2.9\tex/generic/pgf/basicla
yer\pgfcorelayers.code.tex"
File: pgfcorelayers.code.tex 2020/01/08 v3.1.5b (3.1.5b)
)
("C:\Users\seth.alter\AppData\Local\Programs\MiKTeX 2.9\tex/generic/pgf/basicla
yer\pgfcoretransparency.code.tex"
File: pgfcoretransparency.code.tex 2020/01/08 v3.1.5b (3.1.5b)
)
("C:\Users\seth.alter\AppData\Local\Programs\MiKTeX 2.9\tex/generic/pgf/basicla
yer\pgfcorepatterns.code.tex"
File: pgfcorepatterns.code.tex 2020/01/08 v3.1.5b (3.1.5b)
)
("C:\Users\seth.alter\AppData\Local\Programs\MiKTeX 2.9\tex/generic/pgf/basicla
yer\pgfcorerdf.code.tex"
File: pgfcorerdf.code.tex 2020/01/08 v3.1.5b (3.1.5b)
)))
("C:\Users\seth.alter\AppData\Local\Programs\MiKTeX 2.9\tex/generic/pgf/modules
\pgfmoduleshapes.code.tex"
File: pgfmoduleshapes.code.tex 2020/01/08 v3.1.5b (3.1.5b)
\pgfnodeparttextbox=\box37
)
("C:\Users\seth.alter\AppData\Local\Programs\MiKTeX 2.9\tex/generic/pgf/modules
\pgfmoduleplot.code.tex"
File: pgfmoduleplot.code.tex 2020/01/08 v3.1.5b (3.1.5b)
)
("C:\Users\seth.alter\AppData\Local\Programs\MiKTeX 2.9\tex/latex/pgf/compatibi
lity\pgfcomp-version-0-65.sty"
Package: pgfcomp-version-0-65 2020/01/08 v3.1.5b (3.1.5b)
\pgf@nodesepstart=\dimen157
\pgf@nodesepend=\dimen158
)
("C:\Users\seth.alter\AppData\Local\Programs\MiKTeX 2.9\tex/latex/pgf/compatibi
lity\pgfcomp-version-1-18.sty"
Package: pgfcomp-version-1-18 2020/01/08 v3.1.5b (3.1.5b)
))
("C:\Users\seth.alter\AppData\Local\Programs\MiKTeX 2.9\tex/latex/pgf/utilities
\pgffor.sty"
("C:\Users\seth.alter\AppData\Local\Programs\MiKTeX 2.9\tex/latex/pgf/utilities
\pgfkeys.sty"
("C:\Users\seth.alter\AppData\Local\Programs\MiKTeX 2.9\tex/generic/pgf/utiliti
es\pgfkeys.code.tex"))
("C:\Users\seth.alter\AppData\Local\Programs\MiKTeX 2.9\tex/latex/pgf/math\pgfm
ath.sty"
("C:\Users\seth.alter\AppData\Local\Programs\MiKTeX 2.9\tex/generic/pgf/math\pg
fmath.code.tex"))
("C:\Users\seth.alter\AppData\Local\Programs\MiKTeX 2.9\tex/generic/pgf/utiliti
es\pgffor.code.tex"
Package: pgffor 2020/01/08 v3.1.5b (3.1.5b)

("C:\Users\seth.alter\AppData\Local\Programs\MiKTeX 2.9\tex/generic/pgf/math\pg
fmath.code.tex")
\pgffor@iter=\dimen159
\pgffor@skip=\dimen160
\pgffor@stack=\toks31
\pgffor@toks=\toks32
))
("C:\Users\seth.alter\AppData\Local\Programs\MiKTeX 2.9\tex/generic/pgf/fronten
dlayer/tikz\tikz.code.tex"
Package: tikz 2020/01/08 v3.1.5b (3.1.5b)

("C:\Users\seth.alter\AppData\Local\Programs\MiKTeX 2.9\tex/generic/pgf/librari
es\pgflibraryplothandlers.code.tex"
File: pgflibraryplothandlers.code.tex 2020/01/08 v3.1.5b (3.1.5b)
\pgf@plot@mark@count=\count109
\pgfplotmarksize=\dimen161
)
\tikz@lastx=\dimen162
\tikz@lasty=\dimen163
\tikz@lastxsaved=\dimen164
\tikz@lastysaved=\dimen165
\tikz@lastmovetox=\dimen166
\tikz@lastmovetoy=\dimen167
\tikzleveldistance=\dimen168
\tikzsiblingdistance=\dimen169
\tikz@figbox=\box38
\tikz@figbox@bg=\box39
\tikz@tempbox=\box40
\tikz@tempbox@bg=\box41
\tikztreelevel=\count110
\tikznumberofchildren=\count111
\tikznumberofcurrentchild=\count112
\tikz@fig@count=\count113

("C:\Users\seth.alter\AppData\Local\Programs\MiKTeX 2.9\tex/generic/pgf/modules
\pgfmodulematrix.code.tex"
File: pgfmodulematrix.code.tex 2020/01/08 v3.1.5b (3.1.5b)
\pgfmatrixcurrentrow=\count114
\pgfmatrixcurrentcolumn=\count115
\pgf@matrix@numberofcolumns=\count116
)
\tikz@expandcount=\count117

("C:\Users\seth.alter\AppData\Local\Programs\MiKTeX 2.9\tex/generic/pgf/fronten
dlayer/tikz/libraries\tikzlibrarytopaths.code.tex"
File: tikzlibrarytopaths.code.tex 2020/01/08 v3.1.5b (3.1.5b)
)))
("C:\Users\seth.alter\AppData\Local\Programs\MiKTeX 2.9\tex/latex/everypage\eve
rypage.sty"
Package: everypage 2007/06/20 1.1 Hooks to run on every page
)
("C:\Users\seth.alter\AppData\Local\Programs\MiKTeX 2.9\tex/latex/tools\afterpa
ge.sty"
Package: afterpage 2014/10/28 v1.08 After-Page Package (DPC)
\AP@output=\toks33
\AP@partial=\box42
\AP@footins=\box43
)) (calendar.aux)
\openout1 = `calendar.aux'.

LaTeX Font Info:    Checking defaults for OML/cmm/m/it on input line 1.
LaTeX Font Info:    ... okay on input line 1.
LaTeX Font Info:    Checking defaults for T1/cmr/m/n on input line 1.
LaTeX Font Info:    ... okay on input line 1.
LaTeX Font Info:    Checking defaults for OT1/cmr/m/n on input line 1.
LaTeX Font Info:    ... okay on input line 1.
LaTeX Font Info:    Checking defaults for OMS/cmsy/m/n on input line 1.
LaTeX Font Info:    ... okay on input line 1.
LaTeX Font Info:    Checking defaults for TU/lmr/m/n on input line 1.
LaTeX Font Info:    ... okay on input line 1.
LaTeX Font Info:    Checking defaults for OMX/cmex/m/n on input line 1.
LaTeX Font Info:    ... okay on input line 1.
LaTeX Font Info:    Checking defaults for U/cmr/m/n on input line 1.
LaTeX Font Info:    ... okay on input line 1.

*geometry* detected driver: pdftex
*geometry* verbose mode - [ preamble ] result:
* driver: pdftex
* paper: letterpaper
* layout: <same size as paper>
* layoutoffset:(h,v)=(0.0pt,0.0pt)
* bindingoffset: 14.45377pt
* modes: landscape twoside 
* h-part:(L,W,R)=(72.26999pt, 617.90874pt, 90.3375pt)
* v-part:(T,H,B)=(36.135pt, 542.02501pt, 36.135pt)
* \paperwidth=794.96999pt
* \paperheight=614.295pt
* \textwidth=617.90874pt
* \textheight=542.02501pt
* \oddsidemargin=14.45377pt
* \evensidemargin=18.0675pt
* \topmargin=-73.535pt
* \headheight=17.0pt
* \headsep=20.40001pt
* \topskip=11.0pt
* \footskip=18.06749pt
* \marginparwidth=54.74998pt
* \marginparsep=12.8401pt
* \columnsep=10.0pt
* \skip\footins=10.0pt plus 4.0pt minus 2.0pt
* \hoffset=0.0pt
* \voffset=0.0pt
* \mag=1000
* \@twocolumnfalse
* \@twosidetrue
* \@mparswitchtrue
* \@reversemarginfalse
* (1in=72.27pt=25.4mm, 1cm=28.453pt)

ABD: EveryShipout initializing macros
File: title_page.jpg Graphic file (type bmp)
<title_page.jpg>
 [1]
LaTeX Font Info:    Font shape `TU/lmss/m/it' in size <12> not available
(Font)              Font shape `TU/lmss/m/sl' tried instead on input line 1.

Underfull \hbox (badness 10000) in paragraph at lines 1--1

 []


Underfull \hbox (badness 10000) in paragraph at lines 1--1

 []


Underfull \hbox (badness 10000) in paragraph at lines 1--1

 []


Underfull \hbox (badness 10000) in paragraph at lines 1--1

 []


Underfull \hbox (badness 10000) in paragraph at lines 1--1

 []

[2



] [3]
File: ocean_images/ap32_73_1.jpg Graphic file (type bmp)
<ocean_images/ap32_73_1.jpg>
 [4]
("C:\Users\seth.alter\AppData\Local\Programs\MiKTeX 2.9\tex/latex/wasysym\uwasy
.fd")
Package marginnote Info: Margin note 5.7 is on absolute page 5 on input line 2.

Package marginnote Info: xpos seems to be 149.73976pt on input line 2.
File: plots/0.png Graphic file (type bmp)
<plots/0.png>
File: plots/1.png Graphic file (type bmp)
<plots/1.png>
File: plots/2.png Graphic file (type bmp)
<plots/2.png>
File: plots/3.png Graphic file (type bmp)
<plots/3.png>
File: plots/4.png Graphic file (type bmp)
<plots/4.png>
File: plots/5.png Graphic file (type bmp)
<plots/5.png>
File: plots/6.png Graphic file (type bmp)
<plots/6.png>
File: plots/7.png Graphic file (type bmp)
<plots/7.png>
Package marginnote Info: Margin note 5.8 is on absolute page 5 on input line 2.

Package marginnote Info: xpos seems to be 225.33931pt on input line 2.
File: plots/8.png Graphic file (type bmp)
<plots/8.png>
File: plots/9.png Graphic file (type bmp)
<plots/9.png>
File: plots/10.png Graphic file (type bmp)
<plots/10.png>
File: plots/11.png Graphic file (type bmp)
<plots/11.png>
File: plots/12.png Graphic file (type bmp)
<plots/12.png>
File: plots/13.png Graphic file (type bmp)
<plots/13.png>
Package marginnote Info: Margin note 5.9 is on absolute page 5 on input line 2.

Package marginnote Info: xpos seems to be 140.40376pt on input line 2.
File: plots/14.png Graphic file (type bmp)
<plots/14.png>
File: plots/15.png Graphic file (type bmp)
<plots/15.png>
File: plots/16.png Graphic file (type bmp)
<plots/16.png>
File: plots/17.png Graphic file (type bmp)
<plots/17.png>
File: plots/18.png Graphic file (type bmp)
<plots/18.png>
File: plots/19.png Graphic file (type bmp)
<plots/19.png>
File: plots/20.png Graphic file (type bmp)
<plots/20.png>
File: plots/21.png Graphic file (type bmp)
<plots/21.png>
File: plots/22.png Graphic file (type bmp)
<plots/22.png>
File: plots/23.png Graphic file (type bmp)
<plots/23.png>
File: plots/24.png Graphic file (type bmp)
<plots/24.png>
File: plots/25.png Graphic file (type bmp)
<plots/25.png>
File: plots/26.png Graphic file (type bmp)
<plots/26.png>
File: plots/27.png Graphic file (type bmp)
<plots/27.png>

Underfull \hbox (badness 10000) in paragraph at lines 2--2

 []

[5

]
File: ocean_images/ap74_6.jpg Graphic file (type bmp)
<ocean_images/ap74_6.jpg>
 [6]
File: plots/28.png Graphic file (type bmp)
<plots/28.png>
File: plots/29.png Graphic file (type bmp)
<plots/29.png>
File: plots/30.png Graphic file (type bmp)
<plots/30.png>
File: plots/31.png Graphic file (type bmp)
<plots/31.png>
File: plots/32.png Graphic file (type bmp)
<plots/32.png>
File: plots/33.png Graphic file (type bmp)
<plots/33.png>
File: plots/34.png Graphic file (type bmp)
<plots/34.png>
File: plots/35.png Graphic file (type bmp)
<plots/35.png>
File: plots/36.png Graphic file (type bmp)
<plots/36.png>
File: plots/37.png Graphic file (type bmp)
<plots/37.png>
File: plots/38.png Graphic file (type bmp)
<plots/38.png>
File: plots/39.png Graphic file (type bmp)
<plots/39.png>
File: plots/40.png Graphic file (type bmp)
<plots/40.png>
File: plots/41.png Graphic file (type bmp)
<plots/41.png>
Package marginnote Info: Margin note 7.3 is on absolute page 7 on input line 2.

Package marginnote Info: xpos seems to be 118.50775pt on input line 2.
File: plots/42.png Graphic file (type bmp)
<plots/42.png>
File: plots/43.png Graphic file (type bmp)
<plots/43.png>
File: plots/44.png Graphic file (type bmp)
<plots/44.png>
File: plots/45.png Graphic file (type bmp)
<plots/45.png>
File: plots/46.png Graphic file (type bmp)
<plots/46.png>
File: plots/47.png Graphic file (type bmp)
<plots/47.png>
File: plots/48.png Graphic file (type bmp)
<plots/48.png>
File: plots/49.png Graphic file (type bmp)
<plots/49.png>
File: plots/50.png Graphic file (type bmp)
<plots/50.png>
File: plots/51.png Graphic file (type bmp)
<plots/51.png>
File: plots/52.png Graphic file (type bmp)
<plots/52.png>
File: plots/53.png Graphic file (type bmp)
<plots/53.png>
File: plots/54.png Graphic file (type bmp)
<plots/54.png>
File: plots/55.png Graphic file (type bmp)
<plots/55.png>
File: plots/56.png Graphic file (type bmp)
<plots/56.png>

Underfull \hbox (badness 10000) in paragraph at lines 2--2

 []

[7

]
File: ocean_images/DP161239.jpg Graphic file (type bmp)
<ocean_images/DP161239.jpg>
 [8]
File: plots/57.png Graphic file (type bmp)
<plots/57.png>
File: plots/58.png Graphic file (type bmp)
<plots/58.png>
File: plots/59.png Graphic file (type bmp)
<plots/59.png>
File: plots/60.png Graphic file (type bmp)
<plots/60.png>
File: plots/61.png Graphic file (type bmp)
<plots/61.png>
File: plots/62.png Graphic file (type bmp)
<plots/62.png>
File: plots/63.png Graphic file (type bmp)
<plots/63.png>
File: plots/64.png Graphic file (type bmp)
<plots/64.png>
File: plots/65.png Graphic file (type bmp)
<plots/65.png>
File: plots/66.png Graphic file (type bmp)
<plots/66.png>
File: plots/67.png Graphic file (type bmp)
<plots/67.png>
File: plots/68.png Graphic file (type bmp)
<plots/68.png>
File: plots/69.png Graphic file (type bmp)
<plots/69.png>
File: plots/70.png Graphic file (type bmp)
<plots/70.png>
File: plots/71.png Graphic file (type bmp)
<plots/71.png>
File: plots/72.png Graphic file (type bmp)
<plots/72.png>
File: plots/73.png Graphic file (type bmp)
<plots/73.png>
File: plots/74.png Graphic file (type bmp)
<plots/74.png>
File: plots/75.png Graphic file (type bmp)
<plots/75.png>
File: plots/76.png Graphic file (type bmp)
<plots/76.png>
File: plots/77.png Graphic file (type bmp)
<plots/77.png>
File: plots/78.png Graphic file (type bmp)
<plots/78.png>
File: plots/79.png Graphic file (type bmp)
<plots/79.png>
File: plots/80.png Graphic file (type bmp)
<plots/80.png>
Package marginnote Info: Margin note 9.3 is on absolute page 9 on input line 2.

Package marginnote Info: xpos seems to be 512.88194pt on input line 2.
File: plots/81.png Graphic file (type bmp)
<plots/81.png>
File: plots/82.png Graphic file (type bmp)
<plots/82.png>
File: plots/83.png Graphic file (type bmp)
<plots/83.png>
File: plots/84.png Graphic file (type bmp)
<plots/84.png>

Underfull \hbox (badness 10000) in paragraph at lines 2--2

 []

[9

]
File: ocean_images/DP169651.jpg Graphic file (type bmp)
<ocean_images/DP169651.jpg>
 [10]
File: plots/85.png Graphic file (type bmp)
<plots/85.png>
File: plots/86.png Graphic file (type bmp)
<plots/86.png>
File: plots/87.png Graphic file (type bmp)
<plots/87.png>
File: plots/88.png Graphic file (type bmp)
<plots/88.png>
File: plots/89.png Graphic file (type bmp)
<plots/89.png>
File: plots/90.png Graphic file (type bmp)
<plots/90.png>
File: plots/91.png Graphic file (type bmp)
<plots/91.png>
File: plots/92.png Graphic file (type bmp)
<plots/92.png>
File: plots/93.png Graphic file (type bmp)
<plots/93.png>
File: plots/94.png Graphic file (type bmp)
<plots/94.png>
File: plots/95.png Graphic file (type bmp)
<plots/95.png>
File: plots/96.png Graphic file (type bmp)
<plots/96.png>
File: plots/97.png Graphic file (type bmp)
<plots/97.png>
File: plots/98.png Graphic file (type bmp)
<plots/98.png>
File: plots/99.png Graphic file (type bmp)
<plots/99.png>
File: plots/100.png Graphic file (type bmp)
<plots/100.png>
File: plots/101.png Graphic file (type bmp)
<plots/101.png>
File: plots/102.png Graphic file (type bmp)
<plots/102.png>
File: plots/103.png Graphic file (type bmp)
<plots/103.png>
File: plots/104.png Graphic file (type bmp)
<plots/104.png>
File: plots/105.png Graphic file (type bmp)
<plots/105.png>
File: plots/106.png Graphic file (type bmp)
<plots/106.png>
File: plots/107.png Graphic file (type bmp)
<plots/107.png>
File: plots/108.png Graphic file (type bmp)
<plots/108.png>
File: plots/109.png Graphic file (type bmp)
<plots/109.png>
File: plots/110.png Graphic file (type bmp)
<plots/110.png>
File: plots/111.png Graphic file (type bmp)
<plots/111.png>
File: plots/112.png Graphic file (type bmp)
<plots/112.png>
File: plots/113.png Graphic file (type bmp)
<plots/113.png>

Underfull \hbox (badness 10000) in paragraph at lines 2--2

 []

[11

]
File: ocean_images/DP801248.jpg Graphic file (type bmp)
<ocean_images/DP801248.jpg>
 [12]
File: plots/114.png Graphic file (type bmp)
<plots/114.png>
File: plots/115.png Graphic file (type bmp)
<plots/115.png>
File: plots/116.png Graphic file (type bmp)
<plots/116.png>
File: plots/117.png Graphic file (type bmp)
<plots/117.png>
File: plots/118.png Graphic file (type bmp)
<plots/118.png>
File: plots/119.png Graphic file (type bmp)
<plots/119.png>
File: plots/120.png Graphic file (type bmp)
<plots/120.png>
File: plots/121.png Graphic file (type bmp)
<plots/121.png>
File: plots/122.png Graphic file (type bmp)
<plots/122.png>
File: plots/123.png Graphic file (type bmp)
<plots/123.png>
File: plots/124.png Graphic file (type bmp)
<plots/124.png>
File: plots/125.png Graphic file (type bmp)
<plots/125.png>
File: plots/126.png Graphic file (type bmp)
<plots/126.png>
File: plots/127.png Graphic file (type bmp)
<plots/127.png>
Package marginnote Info: Margin note 13.3 is on absolute page 13 on input line 
2.
Package marginnote Info: xpos seems to be 309.85085pt on input line 2.
File: plots/128.png Graphic file (type bmp)
<plots/128.png>
File: plots/129.png Graphic file (type bmp)
<plots/129.png>
File: plots/130.png Graphic file (type bmp)
<plots/130.png>
File: plots/131.png Graphic file (type bmp)
<plots/131.png>
File: plots/132.png Graphic file (type bmp)
<plots/132.png>
File: plots/133.png Graphic file (type bmp)
<plots/133.png>
File: plots/134.png Graphic file (type bmp)
<plots/134.png>
File: plots/135.png Graphic file (type bmp)
<plots/135.png>
File: plots/136.png Graphic file (type bmp)
<plots/136.png>
File: plots/137.png Graphic file (type bmp)
<plots/137.png>
File: plots/138.png Graphic file (type bmp)
<plots/138.png>
File: plots/139.png Graphic file (type bmp)
<plots/139.png>
File: plots/140.png Graphic file (type bmp)
<plots/140.png>
File: plots/141.png Graphic file (type bmp)
<plots/141.png>

Underfull \hbox (badness 10000) in paragraph at lines 2--2

 []

[13

]
File: ocean_images/DP803996.jpg Graphic file (type bmp)
<ocean_images/DP803996.jpg>
 [14]
File: plots/142.png Graphic file (type bmp)
<plots/142.png>
File: plots/143.png Graphic file (type bmp)
<plots/143.png>
File: plots/144.png Graphic file (type bmp)
<plots/144.png>
File: plots/145.png Graphic file (type bmp)
<plots/145.png>
File: plots/146.png Graphic file (type bmp)
<plots/146.png>
File: plots/147.png Graphic file (type bmp)
<plots/147.png>
File: plots/148.png Graphic file (type bmp)
<plots/148.png>
File: plots/149.png Graphic file (type bmp)
<plots/149.png>
File: plots/150.png Graphic file (type bmp)
<plots/150.png>
File: plots/151.png Graphic file (type bmp)
<plots/151.png>
File: plots/152.png Graphic file (type bmp)
<plots/152.png>
File: plots/153.png Graphic file (type bmp)
<plots/153.png>
File: plots/154.png Graphic file (type bmp)
<plots/154.png>
Package marginnote Info: Margin note 15.3 is on absolute page 15 on input line 
2.
Package marginnote Info: xpos seems to be 203.4113pt on input line 2.
File: plots/155.png Graphic file (type bmp)
<plots/155.png>
File: plots/156.png Graphic file (type bmp)
<plots/156.png>
File: plots/157.png Graphic file (type bmp)
<plots/157.png>
File: plots/158.png Graphic file (type bmp)
<plots/158.png>
File: plots/159.png Graphic file (type bmp)
<plots/159.png>
File: plots/160.png Graphic file (type bmp)
<plots/160.png>
File: plots/161.png Graphic file (type bmp)
<plots/161.png>
File: plots/162.png Graphic file (type bmp)
<plots/162.png>
File: plots/163.png Graphic file (type bmp)
<plots/163.png>
File: plots/164.png Graphic file (type bmp)
<plots/164.png>
File: plots/165.png Graphic file (type bmp)
<plots/165.png>
File: plots/166.png Graphic file (type bmp)
<plots/166.png>
File: plots/167.png Graphic file (type bmp)
<plots/167.png>
File: plots/168.png Graphic file (type bmp)
<plots/168.png>
File: plots/169.png Graphic file (type bmp)
<plots/169.png>
File: plots/170.png Graphic file (type bmp)
<plots/170.png>

Underfull \hbox (badness 10000) in paragraph at lines 2--2

 []

[15

]
File: ocean_images/DP804730.jpg Graphic file (type bmp)
<ocean_images/DP804730.jpg>
 [16]
File: plots/171.png Graphic file (type bmp)
<plots/171.png>
File: plots/172.png Graphic file (type bmp)
<plots/172.png>
File: plots/173.png Graphic file (type bmp)
<plots/173.png>
File: plots/174.png Graphic file (type bmp)
<plots/174.png>
File: plots/175.png Graphic file (type bmp)
<plots/175.png>
File: plots/176.png Graphic file (type bmp)
<plots/176.png>
File: plots/177.png Graphic file (type bmp)
<plots/177.png>
File: plots/178.png Graphic file (type bmp)
<plots/178.png>
File: plots/179.png Graphic file (type bmp)
<plots/179.png>
File: plots/180.png Graphic file (type bmp)
<plots/180.png>
File: plots/181.png Graphic file (type bmp)
<plots/181.png>
File: plots/182.png Graphic file (type bmp)
<plots/182.png>
File: plots/183.png Graphic file (type bmp)
<plots/183.png>
File: plots/184.png Graphic file (type bmp)
<plots/184.png>
Package marginnote Info: Margin note 17.3 is on absolute page 17 on input line 
2.
Package marginnote Info: xpos seems to be 409.6184pt on input line 2.
File: plots/185.png Graphic file (type bmp)
<plots/185.png>
File: plots/186.png Graphic file (type bmp)
<plots/186.png>
File: plots/187.png Graphic file (type bmp)
<plots/187.png>
File: plots/188.png Graphic file (type bmp)
<plots/188.png>
File: plots/189.png Graphic file (type bmp)
<plots/189.png>
File: plots/190.png Graphic file (type bmp)
<plots/190.png>
File: plots/191.png Graphic file (type bmp)
<plots/191.png>
File: plots/192.png Graphic file (type bmp)
<plots/192.png>
File: plots/193.png Graphic file (type bmp)
<plots/193.png>
File: plots/194.png Graphic file (type bmp)
<plots/194.png>
File: plots/195.png Graphic file (type bmp)
<plots/195.png>
File: plots/196.png Graphic file (type bmp)
<plots/196.png>
File: plots/197.png Graphic file (type bmp)
<plots/197.png>
File: plots/198.png Graphic file (type bmp)
<plots/198.png>

Underfull \hbox (badness 10000) in paragraph at lines 2--2

 []

[17

]
File: ocean_images/DT1966.jpg Graphic file (type bmp)
<ocean_images/DT1966.jpg>
 [18]
File: plots/199.png Graphic file (type bmp)
<plots/199.png>
File: plots/200.png Graphic file (type bmp)
<plots/200.png>
File: plots/201.png Graphic file (type bmp)
<plots/201.png>
File: plots/202.png Graphic file (type bmp)
<plots/202.png>
File: plots/203.png Graphic file (type bmp)
<plots/203.png>
File: plots/204.png Graphic file (type bmp)
<plots/204.png>
File: plots/205.png Graphic file (type bmp)
<plots/205.png>
File: plots/206.png Graphic file (type bmp)
<plots/206.png>
File: plots/207.png Graphic file (type bmp)
<plots/207.png>
File: plots/208.png Graphic file (type bmp)
<plots/208.png>
File: plots/209.png Graphic file (type bmp)
<plots/209.png>
File: plots/210.png Graphic file (type bmp)
<plots/210.png>
File: plots/211.png Graphic file (type bmp)
<plots/211.png>
File: plots/212.png Graphic file (type bmp)
<plots/212.png>
File: plots/213.png Graphic file (type bmp)
<plots/213.png>
File: plots/214.png Graphic file (type bmp)
<plots/214.png>
File: plots/215.png Graphic file (type bmp)
<plots/215.png>
Package marginnote Info: Margin note 19.3 is on absolute page 19 on input line 
2.
Package marginnote Info: xpos seems to be 670.08904pt on input line 2.
File: plots/216.png Graphic file (type bmp)
<plots/216.png>
File: plots/217.png Graphic file (type bmp)
<plots/217.png>
File: plots/218.png Graphic file (type bmp)
<plots/218.png>
File: plots/219.png Graphic file (type bmp)
<plots/219.png>
File: plots/220.png Graphic file (type bmp)
<plots/220.png>
File: plots/221.png Graphic file (type bmp)
<plots/221.png>
File: plots/222.png Graphic file (type bmp)
<plots/222.png>
File: plots/223.png Graphic file (type bmp)
<plots/223.png>
File: plots/224.png Graphic file (type bmp)
<plots/224.png>
File: plots/225.png Graphic file (type bmp)
<plots/225.png>
File: plots/226.png Graphic file (type bmp)
<plots/226.png>

Underfull \hbox (badness 10000) in paragraph at lines 2--2

 []

[19

]
File: ocean_images/DT1973.jpg Graphic file (type bmp)
<ocean_images/DT1973.jpg>
 [20]
File: plots/227.png Graphic file (type bmp)
<plots/227.png>
File: plots/228.png Graphic file (type bmp)
<plots/228.png>
File: plots/229.png Graphic file (type bmp)
<plots/229.png>
File: plots/230.png Graphic file (type bmp)
<plots/230.png>
File: plots/231.png Graphic file (type bmp)
<plots/231.png>
File: plots/232.png Graphic file (type bmp)
<plots/232.png>
File: plots/233.png Graphic file (type bmp)
<plots/233.png>
File: plots/234.png Graphic file (type bmp)
<plots/234.png>
File: plots/235.png Graphic file (type bmp)
<plots/235.png>
File: plots/236.png Graphic file (type bmp)
<plots/236.png>
File: plots/237.png Graphic file (type bmp)
<plots/237.png>
File: plots/238.png Graphic file (type bmp)
<plots/238.png>
File: plots/239.png Graphic file (type bmp)
<plots/239.png>
File: plots/240.png Graphic file (type bmp)
<plots/240.png>
File: plots/241.png Graphic file (type bmp)
<plots/241.png>
File: plots/242.png Graphic file (type bmp)
<plots/242.png>
File: plots/243.png Graphic file (type bmp)
<plots/243.png>
File: plots/244.png Graphic file (type bmp)
<plots/244.png>
File: plots/245.png Graphic file (type bmp)
<plots/245.png>
File: plots/246.png Graphic file (type bmp)
<plots/246.png>
File: plots/247.png Graphic file (type bmp)
<plots/247.png>
File: plots/248.png Graphic file (type bmp)
<plots/248.png>
File: plots/249.png Graphic file (type bmp)
<plots/249.png>
File: plots/250.png Graphic file (type bmp)
<plots/250.png>
File: plots/251.png Graphic file (type bmp)
<plots/251.png>
File: plots/252.png Graphic file (type bmp)
<plots/252.png>
File: plots/253.png Graphic file (type bmp)
<plots/253.png>
File: plots/254.png Graphic file (type bmp)
<plots/254.png>
File: plots/255.png Graphic file (type bmp)
<plots/255.png>

Underfull \hbox (badness 10000) in paragraph at lines 2--2

 []

[21

]
File: ocean_images/DT2150.jpg Graphic file (type bmp)
<ocean_images/DT2150.jpg>
 [22]
File: plots/256.png Graphic file (type bmp)
<plots/256.png>
File: plots/257.png Graphic file (type bmp)
<plots/257.png>
File: plots/258.png Graphic file (type bmp)
<plots/258.png>
File: plots/259.png Graphic file (type bmp)
<plots/259.png>
File: plots/260.png Graphic file (type bmp)
<plots/260.png>
File: plots/261.png Graphic file (type bmp)
<plots/261.png>
File: plots/262.png Graphic file (type bmp)
<plots/262.png>
File: plots/263.png Graphic file (type bmp)
<plots/263.png>
File: plots/264.png Graphic file (type bmp)
<plots/264.png>
File: plots/265.png Graphic file (type bmp)
<plots/265.png>
File: plots/266.png Graphic file (type bmp)
<plots/266.png>
File: plots/267.png Graphic file (type bmp)
<plots/267.png>
File: plots/268.png Graphic file (type bmp)
<plots/268.png>
File: plots/269.png Graphic file (type bmp)
<plots/269.png>
File: plots/270.png Graphic file (type bmp)
<plots/270.png>
File: plots/271.png Graphic file (type bmp)
<plots/271.png>
File: plots/272.png Graphic file (type bmp)
<plots/272.png>
File: plots/273.png Graphic file (type bmp)
<plots/273.png>
File: plots/274.png Graphic file (type bmp)
<plots/274.png>
File: plots/275.png Graphic file (type bmp)
<plots/275.png>
File: plots/276.png Graphic file (type bmp)
<plots/276.png>
File: plots/277.png Graphic file (type bmp)
<plots/277.png>
File: plots/278.png Graphic file (type bmp)
<plots/278.png>
File: plots/279.png Graphic file (type bmp)
<plots/279.png>
File: plots/280.png Graphic file (type bmp)
<plots/280.png>
File: plots/281.png Graphic file (type bmp)
<plots/281.png>
File: plots/282.png Graphic file (type bmp)
<plots/282.png>
File: plots/283.png Graphic file (type bmp)
<plots/283.png>

Underfull \hbox (badness 10000) in paragraph at lines 2--2

 []

[23

]
File: ocean_images/DT226485.jpg Graphic file (type bmp)
<ocean_images/DT226485.jpg>
 [24]
File: plots/284.png Graphic file (type bmp)
<plots/284.png>
File: plots/285.png Graphic file (type bmp)
<plots/285.png>
File: plots/286.png Graphic file (type bmp)
<plots/286.png>
File: plots/287.png Graphic file (type bmp)
<plots/287.png>
File: plots/288.png Graphic file (type bmp)
<plots/288.png>
File: plots/289.png Graphic file (type bmp)
<plots/289.png>
File: plots/290.png Graphic file (type bmp)
<plots/290.png>
File: plots/291.png Graphic file (type bmp)
<plots/291.png>
Package marginnote Info: Margin note 25.3 is on absolute page 25 on input line 
2.
Package marginnote Info: xpos seems to be 573.66548pt on input line 2.
File: plots/292.png Graphic file (type bmp)
<plots/292.png>
File: plots/293.png Graphic file (type bmp)
<plots/293.png>
File: plots/294.png Graphic file (type bmp)
<plots/294.png>
File: plots/295.png Graphic file (type bmp)
<plots/295.png>
File: plots/296.png Graphic file (type bmp)
<plots/296.png>
File: plots/297.png Graphic file (type bmp)
<plots/297.png>
File: plots/298.png Graphic file (type bmp)
<plots/298.png>
File: plots/299.png Graphic file (type bmp)
<plots/299.png>
File: plots/300.png Graphic file (type bmp)
<plots/300.png>
File: plots/301.png Graphic file (type bmp)
<plots/301.png>
File: plots/302.png Graphic file (type bmp)
<plots/302.png>
File: plots/303.png Graphic file (type bmp)
<plots/303.png>
File: plots/304.png Graphic file (type bmp)
<plots/304.png>
File: plots/305.png Graphic file (type bmp)
<plots/305.png>
File: plots/306.png Graphic file (type bmp)
<plots/306.png>
File: plots/307.png Graphic file (type bmp)
<plots/307.png>
File: plots/308.png Graphic file (type bmp)
<plots/308.png>
File: plots/309.png Graphic file (type bmp)
<plots/309.png>
File: plots/310.png Graphic file (type bmp)
<plots/310.png>
File: plots/311.png Graphic file (type bmp)
<plots/311.png>
File: plots/312.png Graphic file (type bmp)
<plots/312.png>

Underfull \hbox (badness 10000) in paragraph at lines 2--2

 []

[25

]
File: ocean_images/DT9508.jpg Graphic file (type bmp)
<ocean_images/DT9508.jpg>
 [26]
File: plots/313.png Graphic file (type bmp)
<plots/313.png>
File: plots/314.png Graphic file (type bmp)
<plots/314.png>
File: plots/315.png Graphic file (type bmp)
<plots/315.png>
File: plots/316.png Graphic file (type bmp)
<plots/316.png>
File: plots/317.png Graphic file (type bmp)
<plots/317.png>
File: plots/318.png Graphic file (type bmp)
<plots/318.png>
File: plots/319.png Graphic file (type bmp)
<plots/319.png>
File: plots/320.png Graphic file (type bmp)
<plots/320.png>
File: plots/321.png Graphic file (type bmp)
<plots/321.png>
File: plots/322.png Graphic file (type bmp)
<plots/322.png>
File: plots/323.png Graphic file (type bmp)
<plots/323.png>
File: plots/324.png Graphic file (type bmp)
<plots/324.png>
File: plots/325.png Graphic file (type bmp)
<plots/325.png>
File: plots/326.png Graphic file (type bmp)
<plots/326.png>
File: plots/327.png Graphic file (type bmp)
<plots/327.png>
File: plots/328.png Graphic file (type bmp)
<plots/328.png>
File: plots/329.png Graphic file (type bmp)
<plots/329.png>
File: plots/330.png Graphic file (type bmp)
<plots/330.png>
File: plots/331.png Graphic file (type bmp)
<plots/331.png>
File: plots/332.png Graphic file (type bmp)
<plots/332.png>
File: plots/333.png Graphic file (type bmp)
<plots/333.png>
File: plots/334.png Graphic file (type bmp)
<plots/334.png>
File: plots/335.png Graphic file (type bmp)
<plots/335.png>
File: plots/336.png Graphic file (type bmp)
<plots/336.png>
File: plots/337.png Graphic file (type bmp)
<plots/337.png>
File: plots/338.png Graphic file (type bmp)
<plots/338.png>
File: plots/339.png Graphic file (type bmp)
<plots/339.png>
File: plots/340.png Graphic file (type bmp)
<plots/340.png>
 [27

] (calendar.aux) ) 
Here is how much of TeX's memory you used:
 15878 strings out of 427669
 309809 string characters out of 3143938
 496697 words of memory out of 3000000
 19332 multiletter control sequences out of 15000+200000
 7148 words of font info for 42 fonts, out of 3000000 for 9000
 1348 hyphenation exceptions out of 8191
 73i,19n,72p,88868b,723s stack positions out of 5000i,500n,10000p,200000b,50000s

Output written on calendar.pdf (27 pages).
